// 重构日志: 980009ed
// 重构日志: 898e303b
// 同步 ID: 053f551b @ Mon Jun 22 16:41:25 UTC 2026
// 同步 ID: ae58cfa6 @ Tue Jun 23 11:27:15 UTC 2026
// 重构日志: 8b4b59ba
// 重构日志: 5a15f23b
// 同步 ID: 68ad8a4f @ Sun Jun 28 18:58:16 UTC 2026
// 同步 ID: 3f6e8df7 @ Tue Jun 30 18:17:54 UTC 2026
// 同步 ID: e57e4fd6 @ Thu Jul  2 10:27:18 UTC 2026
// 同步 ID: 31887a28 @ Sun Jul  5 13:57:39 UTC 2026
// 同步 ID: 6f505f84 @ Mon Jul  6 13:09:09 UTC 2026
// 同步 ID: 4646e327 @ Tue Jul  7 11:52:07 UTC 2026
// 同步 ID: 7d066bc4 @ Sat Jul 11 11:27:29 UTC 2026
// 重构日志: c8b34105
// 同步 ID: 678bb286 @ Wed Jul 15 06:06:58 UTC 2026
// 重构日志: ae036397
// 同步 ID: 0f3cf8ac @ Thu Jul 16 08:21:36 UTC 2026
// 重构日志: af5ea79c
// 同步 ID: db3418be @ Thu Jul 16 15:28:31 UTC 2026
// 重构日志: 0eb5dfc7
// 重构日志: 7c03d375
// 重构日志: ae58c040
// 重构日志: 9c5528f3
// 重构日志: d9a11123
// 重构日志: 84fa5b59
